# JRE version: OpenJDK Runtime Environment (8.0_232-b09) (build 1.8.0_232-b09)
# Java VM: OpenJDK 64-Bit Server VM (25.232-b09 mixed mode windows-amd64 compressed oops)
Heap:
 PSYoungGen      total 267776K, used 26620K [0x00000000d5c00000, 0x00000000e7600000, 0x0000000100000000)
  eden space 247808K, 10% used [0x00000000d5c00000,0x00000000d75ff238,0x00000000e4e00000)
  from space 19968K, 0% used [0x00000000e6100000,0x00000000e6100000,0x00000000e7480000)
  to   space 19456K, 0% used [0x00000000e4e00000,0x00000000e4e00000,0x00000000e6100000)
 ParOldGen       total 123904K, used 39694K [0x0000000081400000, 0x0000000088d00000, 0x00000000d5c00000)
  object space 123904K, 32% used [0x0000000081400000,0x0000000083ac3810,0x0000000088d00000)
 Metaspace       used 36302K, capacity 36605K, committed 37032K, reserved 1081344K
  class space    used 4664K, capacity 4770K, committed 4864K, reserved 1048576K
GC Heap History (10 events):
Event: 9.954 GC heap before
{Heap before GC invocations=8 (full 1):
 PSYoungGen      total 146432K, used 128512K [0x00000000d5c00000, 0x00000000e0a00000, 0x0000000100000000)
  eden space 128512K, 100% used [0x00000000d5c00000,0x00000000dd980000,0x00000000dd980000)
  from space 17920K, 0% used [0x00000000def80000,0x00000000def80000,0x00000000e0100000)
  to   space 22528K, 0% used [0x00000000dd980000,0x00000000dd980000,0x00000000def80000)
 ParOldGen       total 94720K, used 36232K [0x0000000081400000, 0x0000000087080000, 0x00000000d5c00000)
  object space 94720K, 38% used [0x0000000081400000,0x00000000837620d0,0x0000000087080000)
 Metaspace       used 26353K, capacity 26664K, committed 26752K, reserved 1073152K
  class space    used 3338K, capacity 3435K, committed 3456K, reserved 1048576K
Event: 10.007 GC heap after
Heap after GC invocations=8 (full 1):
 PSYoungGen      total 151040K, used 7573K [0x00000000d5c00000, 0x00000000e4c00000, 0x0000000100000000)
  eden space 128512K, 0% used [0x00000000d5c00000,0x00000000d5c00000,0x00000000dd980000)
  from space 22528K, 33% used [0x00000000dd980000,0x00000000de0e57d0,0x00000000def80000)
  to   space 22016K, 0% used [0x00000000e3680000,0x00000000e3680000,0x00000000e4c00000)
 ParOldGen       total 94720K, used 36240K [0x0000000081400000, 0x0000000087080000, 0x00000000d5c00000)
  object space 94720K, 38% used [0x0000000081400000,0x00000000837640d0,0x0000000087080000)
 Metaspace       used 26353K, capacity 26664K, committed 26752K, reserved 1073152K
  class space    used 3338K, capacity 3435K, committed 3456K, reserved 1048576K
}
Event: 12.185 GC heap before
{Heap before GC invocations=9 (full 1):
 PSYoungGen      total 151040K, used 136085K [0x00000000d5c00000, 0x00000000e4c00000, 0x0000000100000000)
  eden space 128512K, 100% used [0x00000000d5c00000,0x00000000dd980000,0x00000000dd980000)
  from space 22528K, 33% used [0x00000000dd980000,0x00000000de0e57d0,0x00000000def80000)
  to   space 22016K, 0% used [0x00000000e3680000,0x00000000e3680000,0x00000000e4c00000)
 ParOldGen       total 94720K, used 36240K [0x0000000081400000, 0x0000000087080000, 0x00000000d5c00000)
  object space 94720K, 38% used [0x0000000081400000,0x00000000837640d0,0x0000000087080000)
 Metaspace       used 29448K, capacity 29820K, committed 30080K, reserved 1075200K
  class space    used 3784K, capacity 3890K, committed 3968K, reserved 1048576K
Event: 12.193 GC heap after
Heap after GC invocations=9 (full 1):
 PSYoungGen      total 206336K, used 5405K [0x00000000d5c00000, 0x00000000e4300000, 0x0000000100000000)
  eden space 193536K, 0% used [0x00000000d5c00000,0x00000000d5c00000,0x00000000e1900000)
  from space 12800K, 42% used [0x00000000e3680000,0x00000000e3bc7428,0x00000000e4300000)
  to   space 21504K, 0% used [0x00000000e1900000,0x00000000e1900000,0x00000000e2e00000)
 ParOldGen       total 94720K, used 36248K [0x0000000081400000, 0x0000000087080000, 0x00000000d5c00000)
  object space 94720K, 38% used [0x0000000081400000,0x00000000837660d0,0x0000000087080000)
 Metaspace       used 29448K, capacity 29820K, committed 30080K, reserved 1075200K
  class space    used 3784K, capacity 3890K, committed 3968K, reserved 1048576K
}
Event: 14.536 GC heap before
{Heap before GC invocations=10 (full 1):
 PSYoungGen      total 206336K, used 198941K [0x00000000d5c00000, 0x00000000e4300000, 0x0000000100000000)
  eden space 193536K, 100% used [0x00000000d5c00000,0x00000000e1900000,0x00000000e1900000)
  from space 12800K, 42% used [0x00000000e3680000,0x00000000e3bc7428,0x00000000e4300000)
  to   space 21504K, 0% used [0x00000000e1900000,0x00000000e1900000,0x00000000e2e00000)
 ParOldGen       total 94720K, used 36248K [0x0000000081400000, 0x0000000087080000, 0x00000000d5c00000)
  object space 94720K, 38% used [0x0000000081400000,0x00000000837660d0,0x0000000087080000)
 Metaspace       used 34129K, capacity 34473K, committed 34688K, reserved 1079296K
  class space    used 4358K, capacity 4446K, committed 4480K, reserved 1048576K
Event: 14.566 GC heap after
Heap after GC invocations=10 (full 1):
 PSYoungGen      total 215040K, used 9530K [0x00000000d5c00000, 0x00000000e7480000, 0x0000000100000000)
  eden space 193536K, 0% used [0x00000000d5c00000,0x00000000d5c00000,0x00000000e1900000)
  from space 21504K, 44% used [0x00000000e1900000,0x00000000e224e800,0x00000000e2e00000)
  to   space 19968K, 0% used [0x00000000e6100000,0x00000000e6100000,0x00000000e7480000)
 ParOldGen       total 94720K, used 36256K [0x0000000081400000, 0x0000000087080000, 0x00000000d5c00000)
  object space 94720K, 38% used [0x0000000081400000,0x00000000837680d0,0x0000000087080000)
 Metaspace       used 34129K, capacity 34473K, committed 34688K, reserved 1079296K
  class space    used 4358K, capacity 4446K, committed 4480K, reserved 1048576K
}
Event: 15.755 GC heap before
{Heap before GC invocations=11 (full 1):
 PSYoungGen      total 215040K, used 92862K [0x00000000d5c00000, 0x00000000e7480000, 0x0000000100000000)
  eden space 193536K, 43% used [0x00000000d5c00000,0x00000000dad61370,0x00000000e1900000)
  from space 21504K, 44% used [0x00000000e1900000,0x00000000e224e800,0x00000000e2e00000)
  to   space 19968K, 0% used [0x00000000e6100000,0x00000000e6100000,0x00000000e7480000)
 ParOldGen       total 94720K, used 36256K [0x0000000081400000, 0x0000000087080000, 0x00000000d5c00000)
  object space 94720K, 38% used [0x0000000081400000,0x00000000837680d0,0x0000000087080000)
 Metaspace       used 35072K, capacity 35349K, committed 35496K, reserved 1081344K
  class space    used 4501K, capacity 4608K, committed 4608K, reserved 1048576K
Event: 15.802 GC heap after
Heap after GC invocations=11 (full 1):
 PSYoungGen      total 267776K, used 8392K [0x00000000d5c00000, 0x00000000e7600000, 0x0000000100000000)
  eden space 247808K, 0% used [0x00000000d5c00000,0x00000000d5c00000,0x00000000e4e00000)
  from space 19968K, 42% used [0x00000000e6100000,0x00000000e6932350,0x00000000e7480000)
  to   space 19456K, 0% used [0x00000000e4e00000,0x00000000e4e00000,0x00000000e6100000)
 ParOldGen       total 94720K, used 36264K [0x0000000081400000, 0x0000000087080000, 0x00000000d5c00000)
  object space 94720K, 38% used [0x0000000081400000,0x000000008376a0d0,0x0000000087080000)
 Metaspace       used 35072K, capacity 35349K, committed 35496K, reserved 1081344K
  class space    used 4501K, capacity 4608K, committed 4608K, reserved 1048576K
}
Event: 15.802 GC heap before
{Heap before GC invocations=12 (full 2):
 PSYoungGen      total 267776K, used 8392K [0x00000000d5c00000, 0x00000000e7600000, 0x0000000100000000)
  eden space 247808K, 0% used [0x00000000d5c00000,0x00000000d5c00000,0x00000000e4e00000)
  from space 19968K, 42% used [0x00000000e6100000,0x00000000e6932350,0x00000000e7480000)
  to   space 19456K, 0% used [0x00000000e4e00000,0x00000000e4e00000,0x00000000e6100000)
 ParOldGen       total 94720K, used 36264K [0x0000000081400000, 0x0000000087080000, 0x00000000d5c00000)
  object space 94720K, 38% used [0x0000000081400000,0x000000008376a0d0,0x0000000087080000)
 Metaspace       used 35072K, capacity 35349K, committed 35496K, reserved 1081344K
  class space    used 4501K, capacity 4608K, committed 4608K, reserved 1048576K
Event: 16.258 GC heap after
Heap after GC invocations=12 (full 2):
 PSYoungGen      total 267776K, used 0K [0x00000000d5c00000, 0x00000000e7600000, 0x0000000100000000)
  eden space 247808K, 0% used [0x00000000d5c00000,0x00000000d5c00000,0x00000000e4e00000)
  from space 19968K, 0% used [0x00000000e6100000,0x00000000e6100000,0x00000000e7480000)
  to   space 19456K, 0% used [0x00000000e4e00000,0x00000000e4e00000,0x00000000e6100000)
 ParOldGen       total 123904K, used 39694K [0x0000000081400000, 0x0000000088d00000, 0x00000000d5c00000)
  object space 123904K, 32% used [0x0000000081400000,0x0000000083ac3810,0x0000000088d00000)
 Metaspace       used 35072K, capacity 35349K, committed 35496K, reserved 1081344K
  class space    used 4501K, capacity 4608K, committed 4608K, reserved 1048576K
}

