# JRE version: OpenJDK Runtime Environment (8.0_232-b09) (build 1.8.0_232-b09)
# Java VM: OpenJDK 64-Bit Server VM (25.232-b09 mixed mode windows-amd64 compressed oops)
Heap:
 PSYoungGen      total 150528K, used 72340K [0x00000000d5c00000, 0x00000000e0a00000, 0x0000000100000000)
  eden space 130560K, 55% used [0x00000000d5c00000,0x00000000da2a5148,0x00000000ddb80000)
  from space 19968K, 0% used [0x00000000df180000,0x00000000df180000,0x00000000e0500000)
  to   space 22528K, 0% used [0x00000000ddb80000,0x00000000ddb80000,0x00000000df180000)
 ParOldGen       total 87040K, used 33968K [0x0000000081400000, 0x0000000086900000, 0x00000000d5c00000)
  object space 87040K, 39% used [0x0000000081400000,0x000000008352c220,0x0000000086900000)
 Metaspace       used 23745K, capacity 24040K, committed 24320K, reserved 1071104K
  class space    used 2896K, capacity 2987K, committed 3072K, reserved 1048576K
GC Heap History (10 events):
Event: 4.232 GC heap before
{Heap before GC invocations=3 (full 0):
 PSYoungGen      total 38400K, used 38358K [0x00000000d5c00000, 0x00000000d8680000, 0x0000000100000000)
  eden space 33280K, 99% used [0x00000000d5c00000,0x00000000d7c759c8,0x00000000d7c80000)
  from space 5120K, 99% used [0x00000000d8180000,0x00000000d867fff8,0x00000000d8680000)
  to   space 5120K, 0% used [0x00000000d7c80000,0x00000000d7c80000,0x00000000d8180000)
 ParOldGen       total 87552K, used 9013K [0x0000000081400000, 0x0000000086980000, 0x00000000d5c00000)
  object space 87552K, 10% used [0x0000000081400000,0x0000000081ccd498,0x0000000086980000)
 Metaspace       used 13590K, capacity 13696K, committed 13952K, reserved 1060864K
  class space    used 1594K, capacity 1629K, committed 1664K, reserved 1048576K
Event: 4.242 GC heap after
Heap after GC invocations=3 (full 0):
 PSYoungGen      total 38400K, used 5096K [0x00000000d5c00000, 0x00000000da700000, 0x0000000100000000)
  eden space 33280K, 0% used [0x00000000d5c00000,0x00000000d5c00000,0x00000000d7c80000)
  from space 5120K, 99% used [0x00000000d7c80000,0x00000000d817a080,0x00000000d8180000)
  to   space 5120K, 0% used [0x00000000da200000,0x00000000da200000,0x00000000da700000)
 ParOldGen       total 87552K, used 10229K [0x0000000081400000, 0x0000000086980000, 0x00000000d5c00000)
  object space 87552K, 11% used [0x0000000081400000,0x0000000081dfd538,0x0000000086980000)
 Metaspace       used 13590K, capacity 13696K, committed 13952K, reserved 1060864K
  class space    used 1594K, capacity 1629K, committed 1664K, reserved 1048576K
}
Event: 4.266 GC heap before
{Heap before GC invocations=4 (full 0):
 PSYoungGen      total 38400K, used 38376K [0x00000000d5c00000, 0x00000000da700000, 0x0000000100000000)
  eden space 33280K, 100% used [0x00000000d5c00000,0x00000000d7c80000,0x00000000d7c80000)
  from space 5120K, 99% used [0x00000000d7c80000,0x00000000d817a080,0x00000000d8180000)
  to   space 5120K, 0% used [0x00000000da200000,0x00000000da200000,0x00000000da700000)
 ParOldGen       total 87552K, used 10229K [0x0000000081400000, 0x0000000086980000, 0x00000000d5c00000)
  object space 87552K, 11% used [0x0000000081400000,0x0000000081dfd538,0x0000000086980000)
 Metaspace       used 13614K, capacity 13760K, committed 13952K, reserved 1060864K
  class space    used 1599K, capacity 1629K, committed 1664K, reserved 1048576K
Event: 4.297 GC heap after
Heap after GC invocations=4 (full 0):
 PSYoungGen      total 71680K, used 5099K [0x00000000d5c00000, 0x00000000da700000, 0x0000000100000000)
  eden space 66560K, 0% used [0x00000000d5c00000,0x00000000d5c00000,0x00000000d9d00000)
  from space 5120K, 99% used [0x00000000da200000,0x00000000da6fae98,0x00000000da700000)
  to   space 5120K, 0% used [0x00000000d9d00000,0x00000000d9d00000,0x00000000da200000)
 ParOldGen       total 87552K, used 10390K [0x0000000081400000, 0x0000000086980000, 0x00000000d5c00000)
  object space 87552K, 11% used [0x0000000081400000,0x0000000081e25aa0,0x0000000086980000)
 Metaspace       used 13614K, capacity 13760K, committed 13952K, reserved 1060864K
  class space    used 1599K, capacity 1629K, committed 1664K, reserved 1048576K
}
Event: 6.203 GC heap before
{Heap before GC invocations=5 (full 0):
 PSYoungGen      total 71680K, used 71659K [0x00000000d5c00000, 0x00000000da700000, 0x0000000100000000)
  eden space 66560K, 100% used [0x00000000d5c00000,0x00000000d9d00000,0x00000000d9d00000)
  from space 5120K, 99% used [0x00000000da200000,0x00000000da6fae98,0x00000000da700000)
  to   space 5120K, 0% used [0x00000000d9d00000,0x00000000d9d00000,0x00000000da200000)
 ParOldGen       total 87552K, used 10390K [0x0000000081400000, 0x0000000086980000, 0x00000000d5c00000)
  object space 87552K, 11% used [0x0000000081400000,0x0000000081e25aa0,0x0000000086980000)
 Metaspace       used 17781K, capacity 18018K, committed 18304K, reserved 1064960K
  class space    used 2081K, capacity 2170K, committed 2176K, reserved 1048576K
Event: 6.230 GC heap after
Heap after GC invocations=5 (full 0):
 PSYoungGen      total 71680K, used 5103K [0x00000000d5c00000, 0x00000000e0500000, 0x0000000100000000)
  eden space 66560K, 0% used [0x00000000d5c00000,0x00000000d5c00000,0x00000000d9d00000)
  from space 5120K, 99% used [0x00000000d9d00000,0x00000000da1fbcc8,0x00000000da200000)
  to   space 19968K, 0% used [0x00000000df180000,0x00000000df180000,0x00000000e0500000)
 ParOldGen       total 87552K, used 22366K [0x0000000081400000, 0x0000000086980000, 0x00000000d5c00000)
  object space 87552K, 25% used [0x0000000081400000,0x00000000829d79c0,0x0000000086980000)
 Metaspace       used 17781K, capacity 18018K, committed 18304K, reserved 1064960K
  class space    used 2081K, capacity 2170K, committed 2176K, reserved 1048576K
}
Event: 15.585 GC heap before
{Heap before GC invocations=6 (full 0):
 PSYoungGen      total 71680K, used 65157K [0x00000000d5c00000, 0x00000000e0500000, 0x0000000100000000)
  eden space 66560K, 90% used [0x00000000d5c00000,0x00000000d96a58d0,0x00000000d9d00000)
  from space 5120K, 99% used [0x00000000d9d00000,0x00000000da1fbcc8,0x00000000da200000)
  to   space 19968K, 0% used [0x00000000df180000,0x00000000df180000,0x00000000e0500000)
 ParOldGen       total 87552K, used 22366K [0x0000000081400000, 0x0000000086980000, 0x00000000d5c00000)
  object space 87552K, 25% used [0x0000000081400000,0x00000000829d79c0,0x0000000086980000)
 Metaspace       used 20897K, capacity 21136K, committed 21296K, reserved 1069056K
  class space    used 2514K, capacity 2599K, committed 2688K, reserved 1048576K
Event: 15.654 GC heap after
Heap after GC invocations=6 (full 0):
 PSYoungGen      total 150528K, used 17056K [0x00000000d5c00000, 0x00000000e0a00000, 0x0000000100000000)
  eden space 130560K, 0% used [0x00000000d5c00000,0x00000000d5c00000,0x00000000ddb80000)
  from space 19968K, 85% used [0x00000000df180000,0x00000000e02282a8,0x00000000e0500000)
  to   space 22528K, 0% used [0x00000000ddb80000,0x00000000ddb80000,0x00000000df180000)
 ParOldGen       total 87552K, used 22374K [0x0000000081400000, 0x0000000086980000, 0x00000000d5c00000)
  object space 87552K, 25% used [0x0000000081400000,0x00000000829d99c0,0x0000000086980000)
 Metaspace       used 20897K, capacity 21136K, committed 21296K, reserved 1069056K
  class space    used 2514K, capacity 2599K, committed 2688K, reserved 1048576K
}
Event: 15.654 GC heap before
{Heap before GC invocations=7 (full 1):
 PSYoungGen      total 150528K, used 17056K [0x00000000d5c00000, 0x00000000e0a00000, 0x0000000100000000)
  eden space 130560K, 0% used [0x00000000d5c00000,0x00000000d5c00000,0x00000000ddb80000)
  from space 19968K, 85% used [0x00000000df180000,0x00000000e02282a8,0x00000000e0500000)
  to   space 22528K, 0% used [0x00000000ddb80000,0x00000000ddb80000,0x00000000df180000)
 ParOldGen       total 87552K, used 22374K [0x0000000081400000, 0x0000000086980000, 0x00000000d5c00000)
  object space 87552K, 25% used [0x0000000081400000,0x00000000829d99c0,0x0000000086980000)
 Metaspace       used 20897K, capacity 21136K, committed 21296K, reserved 1069056K
  class space    used 2514K, capacity 2599K, committed 2688K, reserved 1048576K
Event: 15.935 GC heap after
Heap after GC invocations=7 (full 1):
 PSYoungGen      total 150528K, used 0K [0x00000000d5c00000, 0x00000000e0a00000, 0x0000000100000000)
  eden space 130560K, 0% used [0x00000000d5c00000,0x00000000d5c00000,0x00000000ddb80000)
  from space 19968K, 0% used [0x00000000df180000,0x00000000df180000,0x00000000e0500000)
  to   space 22528K, 0% used [0x00000000ddb80000,0x00000000ddb80000,0x00000000df180000)
 ParOldGen       total 87040K, used 33968K [0x0000000081400000, 0x0000000086900000, 0x00000000d5c00000)
  object space 87040K, 39% used [0x0000000081400000,0x000000008352c220,0x0000000086900000)
 Metaspace       used 20897K, capacity 21136K, committed 21296K, reserved 1069056K
  class space    used 2514K, capacity 2599K, committed 2688K, reserved 1048576K
}

