# JRE version: OpenJDK Runtime Environment (8.0_232-b09) (build 1.8.0_232-b09)
# Java VM: OpenJDK 64-Bit Server VM (25.232-b09 mixed mode windows-amd64 compressed oops)
Heap:
 PSYoungGen      total 382464K, used 150142K [0x00000000d5c00000, 0x00000000f7500000, 0x0000000100000000)
  eden space 363008K, 37% used [0x00000000d5c00000,0x00000000ddf2fb58,0x00000000ebe80000)
  from space 19456K, 81% used [0x00000000ebe80000,0x00000000ecdf0048,0x00000000ed180000)
  to   space 20480K, 0% used [0x00000000f6100000,0x00000000f6100000,0x00000000f7500000)
 ParOldGen       total 98816K, used 39812K [0x0000000081400000, 0x0000000087480000, 0x00000000d5c00000)
  object space 98816K, 40% used [0x0000000081400000,0x0000000083ae12c8,0x0000000087480000)
 Metaspace       used 52068K, capacity 52607K, committed 52992K, reserved 1095680K
  class space    used 6964K, capacity 7117K, committed 7168K, reserved 1048576K
GC Heap History (10 events):
Event: 6.926 GC heap before
{Heap before GC invocations=9 (full 1):
 PSYoungGen      total 153088K, used 130560K [0x00000000d5c00000, 0x00000000e8500000, 0x0000000100000000)
  eden space 130560K, 100% used [0x00000000d5c00000,0x00000000ddb80000,0x00000000ddb80000)
  from space 22528K, 0% used [0x00000000ddb80000,0x00000000ddb80000,0x00000000df180000)
  to   space 21504K, 0% used [0x00000000e7000000,0x00000000e7000000,0x00000000e8500000)
 ParOldGen       total 81920K, used 31549K [0x0000000081400000, 0x0000000086400000, 0x00000000d5c00000)
  object space 81920K, 38% used [0x0000000081400000,0x00000000832cf6f0,0x0000000086400000)
 Metaspace       used 25981K, capacity 26198K, committed 26496K, reserved 1073152K
  class space    used 3322K, capacity 3418K, committed 3456K, reserved 1048576K
Event: 6.939 GC heap after
Heap after GC invocations=9 (full 1):
 PSYoungGen      total 249856K, used 6744K [0x00000000d5c00000, 0x00000000e7700000, 0x0000000100000000)
  eden space 242688K, 0% used [0x00000000d5c00000,0x00000000d5c00000,0x00000000e4900000)
  from space 7168K, 94% used [0x00000000e7000000,0x00000000e76962c0,0x00000000e7700000)
  to   space 20992K, 0% used [0x00000000e4e00000,0x00000000e4e00000,0x00000000e6280000)
 ParOldGen       total 81920K, used 31557K [0x0000000081400000, 0x0000000086400000, 0x00000000d5c00000)
  object space 81920K, 38% used [0x0000000081400000,0x00000000832d16f0,0x0000000086400000)
 Metaspace       used 25981K, capacity 26198K, committed 26496K, reserved 1073152K
  class space    used 3322K, capacity 3418K, committed 3456K, reserved 1048576K
}
Event: 8.920 GC heap before
{Heap before GC invocations=10 (full 1):
 PSYoungGen      total 249856K, used 249432K [0x00000000d5c00000, 0x00000000e7700000, 0x0000000100000000)
  eden space 242688K, 100% used [0x00000000d5c00000,0x00000000e4900000,0x00000000e4900000)
  from space 7168K, 94% used [0x00000000e7000000,0x00000000e76962c0,0x00000000e7700000)
  to   space 20992K, 0% used [0x00000000e4e00000,0x00000000e4e00000,0x00000000e6280000)
 ParOldGen       total 81920K, used 31557K [0x0000000081400000, 0x0000000086400000, 0x00000000d5c00000)
  object space 81920K, 38% used [0x0000000081400000,0x00000000832d16f0,0x0000000086400000)
 Metaspace       used 32262K, capacity 32583K, committed 33024K, reserved 1077248K
  class space    used 4159K, capacity 4299K, committed 4352K, reserved 1048576K
Event: 8.931 GC heap after
Heap after GC invocations=10 (full 1):
 PSYoungGen      total 268800K, used 10047K [0x00000000d5c00000, 0x00000000ee500000, 0x0000000100000000)
  eden space 247808K, 0% used [0x00000000d5c00000,0x00000000d5c00000,0x00000000e4e00000)
  from space 20992K, 47% used [0x00000000e4e00000,0x00000000e57cfda0,0x00000000e6280000)
  to   space 19968K, 0% used [0x00000000ed180000,0x00000000ed180000,0x00000000ee500000)
 ParOldGen       total 81920K, used 31565K [0x0000000081400000, 0x0000000086400000, 0x00000000d5c00000)
  object space 81920K, 38% used [0x0000000081400000,0x00000000832d36f0,0x0000000086400000)
 Metaspace       used 32262K, capacity 32583K, committed 33024K, reserved 1077248K
  class space    used 4159K, capacity 4299K, committed 4352K, reserved 1048576K
}
Event: 9.927 GC heap before
{Heap before GC invocations=11 (full 1):
 PSYoungGen      total 268800K, used 146089K [0x00000000d5c00000, 0x00000000ee500000, 0x0000000100000000)
  eden space 247808K, 54% used [0x00000000d5c00000,0x00000000de0da9b8,0x00000000e4e00000)
  from space 20992K, 47% used [0x00000000e4e00000,0x00000000e57cfda0,0x00000000e6280000)
  to   space 19968K, 0% used [0x00000000ed180000,0x00000000ed180000,0x00000000ee500000)
 ParOldGen       total 81920K, used 31565K [0x0000000081400000, 0x0000000086400000, 0x00000000d5c00000)
  object space 81920K, 38% used [0x0000000081400000,0x00000000832d36f0,0x0000000086400000)
 Metaspace       used 34751K, capacity 35057K, committed 35456K, reserved 1079296K
  class space    used 4492K, capacity 4628K, committed 4736K, reserved 1048576K
Event: 9.937 GC heap after
Heap after GC invocations=11 (full 1):
 PSYoungGen      total 382976K, used 7680K [0x00000000d5c00000, 0x00000000ee500000, 0x0000000100000000)
  eden space 363008K, 0% used [0x00000000d5c00000,0x00000000d5c00000,0x00000000ebe80000)
  from space 19968K, 38% used [0x00000000ed180000,0x00000000ed900070,0x00000000ee500000)
  to   space 19456K, 0% used [0x00000000ebe80000,0x00000000ebe80000,0x00000000ed180000)
 ParOldGen       total 81920K, used 32662K [0x0000000081400000, 0x0000000086400000, 0x00000000d5c00000)
  object space 81920K, 39% used [0x0000000081400000,0x00000000833e5a90,0x0000000086400000)
 Metaspace       used 34751K, capacity 35057K, committed 35456K, reserved 1079296K
  class space    used 4492K, capacity 4628K, committed 4736K, reserved 1048576K
}
Event: 9.937 GC heap before
{Heap before GC invocations=12 (full 2):
 PSYoungGen      total 382976K, used 7680K [0x00000000d5c00000, 0x00000000ee500000, 0x0000000100000000)
  eden space 363008K, 0% used [0x00000000d5c00000,0x00000000d5c00000,0x00000000ebe80000)
  from space 19968K, 38% used [0x00000000ed180000,0x00000000ed900070,0x00000000ee500000)
  to   space 19456K, 0% used [0x00000000ebe80000,0x00000000ebe80000,0x00000000ed180000)
 ParOldGen       total 81920K, used 32662K [0x0000000081400000, 0x0000000086400000, 0x00000000d5c00000)
  object space 81920K, 39% used [0x0000000081400000,0x00000000833e5a90,0x0000000086400000)
 Metaspace       used 34751K, capacity 35057K, committed 35456K, reserved 1079296K
  class space    used 4492K, capacity 4628K, committed 4736K, reserved 1048576K
Event: 10.185 GC heap after
Heap after GC invocations=12 (full 2):
 PSYoungGen      total 382976K, used 0K [0x00000000d5c00000, 0x00000000ee500000, 0x0000000100000000)
  eden space 363008K, 0% used [0x00000000d5c00000,0x00000000d5c00000,0x00000000ebe80000)
  from space 19968K, 0% used [0x00000000ed180000,0x00000000ed180000,0x00000000ee500000)
  to   space 19456K, 0% used [0x00000000ebe80000,0x00000000ebe80000,0x00000000ed180000)
 ParOldGen       total 98816K, used 39804K [0x0000000081400000, 0x0000000087480000, 0x00000000d5c00000)
  object space 98816K, 40% used [0x0000000081400000,0x0000000083adf2c8,0x0000000087480000)
 Metaspace       used 34751K, capacity 35057K, committed 35456K, reserved 1079296K
  class space    used 4492K, capacity 4628K, committed 4736K, reserved 1048576K
}
Event: 19.266 GC heap before
{Heap before GC invocations=13 (full 2):
 PSYoungGen      total 382976K, used 363008K [0x00000000d5c00000, 0x00000000ee500000, 0x0000000100000000)
  eden space 363008K, 100% used [0x00000000d5c00000,0x00000000ebe80000,0x00000000ebe80000)
  from space 19968K, 0% used [0x00000000ed180000,0x00000000ed180000,0x00000000ee500000)
  to   space 19456K, 0% used [0x00000000ebe80000,0x00000000ebe80000,0x00000000ed180000)
 ParOldGen       total 98816K, used 39804K [0x0000000081400000, 0x0000000087480000, 0x00000000d5c00000)
  object space 98816K, 40% used [0x0000000081400000,0x0000000083adf2c8,0x0000000087480000)
 Metaspace       used 47909K, capacity 48445K, committed 48896K, reserved 1091584K
  class space    used 6196K, capacity 6347K, committed 6400K, reserved 1048576K
Event: 19.287 GC heap after
Heap after GC invocations=13 (full 2):
 PSYoungGen      total 382464K, used 15808K [0x00000000d5c00000, 0x00000000f7500000, 0x0000000100000000)
  eden space 363008K, 0% used [0x00000000d5c00000,0x00000000d5c00000,0x00000000ebe80000)
  from space 19456K, 81% used [0x00000000ebe80000,0x00000000ecdf0048,0x00000000ed180000)
  to   space 20480K, 0% used [0x00000000f6100000,0x00000000f6100000,0x00000000f7500000)
 ParOldGen       total 98816K, used 39812K [0x0000000081400000, 0x0000000087480000, 0x00000000d5c00000)
  object space 98816K, 40% used [0x0000000081400000,0x0000000083ae12c8,0x0000000087480000)
 Metaspace       used 47909K, capacity 48445K, committed 48896K, reserved 1091584K
  class space    used 6196K, capacity 6347K, committed 6400K, reserved 1048576K
}

