# JRE version: OpenJDK Runtime Environment (8.0_232-b09) (build 1.8.0_232-b09)
# Java VM: OpenJDK 64-Bit Server VM (25.232-b09 mixed mode windows-amd64 compressed oops)
Heap:
 PSYoungGen      total 217088K, used 41880K [0x00000000d5c00000, 0x00000000e6d00000, 0x0000000100000000)
  eden space 201216K, 20% used [0x00000000d5c00000,0x00000000d84e6258,0x00000000e2080000)
  from space 15872K, 0% used [0x00000000e3380000,0x00000000e3380000,0x00000000e4300000)
  to   space 19456K, 0% used [0x00000000e2080000,0x00000000e2080000,0x00000000e3380000)
 ParOldGen       total 123904K, used 39562K [0x0000000081400000, 0x0000000088d00000, 0x00000000d5c00000)
  object space 123904K, 31% used [0x0000000081400000,0x0000000083aa2a98,0x0000000088d00000)
 Metaspace       used 36623K, capacity 36963K, committed 37288K, reserved 1081344K
  class space    used 4705K, capacity 4803K, committed 4864K, reserved 1048576K
GC Heap History (10 events):
Event: 11.466 GC heap before
{Heap before GC invocations=8 (full 1):
 PSYoungGen      total 149504K, used 130048K [0x00000000d5c00000, 0x00000000e0a00000, 0x0000000100000000)
  eden space 130048K, 100% used [0x00000000d5c00000,0x00000000ddb00000,0x00000000ddb00000)
  from space 19456K, 0% used [0x00000000df100000,0x00000000df100000,0x00000000e0400000)
  to   space 22528K, 0% used [0x00000000ddb00000,0x00000000ddb00000,0x00000000df100000)
 ParOldGen       total 96768K, used 36041K [0x0000000081400000, 0x0000000087280000, 0x00000000d5c00000)
  object space 96768K, 37% used [0x0000000081400000,0x0000000083732640,0x0000000087280000)
 Metaspace       used 26297K, capacity 26600K, committed 26752K, reserved 1073152K
  class space    used 3323K, capacity 3435K, committed 3456K, reserved 1048576K
Event: 11.497 GC heap after
Heap after GC invocations=8 (full 1):
 PSYoungGen      total 152576K, used 7578K [0x00000000d5c00000, 0x00000000e4880000, 0x0000000100000000)
  eden space 130048K, 0% used [0x00000000d5c00000,0x00000000d5c00000,0x00000000ddb00000)
  from space 22528K, 33% used [0x00000000ddb00000,0x00000000de2668f8,0x00000000df100000)
  to   space 21504K, 0% used [0x00000000e3380000,0x00000000e3380000,0x00000000e4880000)
 ParOldGen       total 96768K, used 36041K [0x0000000081400000, 0x0000000087280000, 0x00000000d5c00000)
  object space 96768K, 37% used [0x0000000081400000,0x0000000083732640,0x0000000087280000)
 Metaspace       used 26297K, capacity 26600K, committed 26752K, reserved 1073152K
  class space    used 3323K, capacity 3435K, committed 3456K, reserved 1048576K
}
Event: 13.507 GC heap before
{Heap before GC invocations=9 (full 1):
 PSYoungGen      total 152576K, used 137626K [0x00000000d5c00000, 0x00000000e4880000, 0x0000000100000000)
  eden space 130048K, 100% used [0x00000000d5c00000,0x00000000ddb00000,0x00000000ddb00000)
  from space 22528K, 33% used [0x00000000ddb00000,0x00000000de2668f8,0x00000000df100000)
  to   space 21504K, 0% used [0x00000000e3380000,0x00000000e3380000,0x00000000e4880000)
 ParOldGen       total 96768K, used 36041K [0x0000000081400000, 0x0000000087280000, 0x00000000d5c00000)
  object space 96768K, 37% used [0x0000000081400000,0x0000000083732640,0x0000000087280000)
 Metaspace       used 29401K, capacity 29692K, committed 29824K, reserved 1075200K
  class space    used 3777K, capacity 3890K, committed 3968K, reserved 1048576K
Event: 13.530 GC heap after
Heap after GC invocations=9 (full 1):
 PSYoungGen      total 209408K, used 5427K [0x00000000d5c00000, 0x00000000e4300000, 0x0000000100000000)
  eden space 193536K, 0% used [0x00000000d5c00000,0x00000000d5c00000,0x00000000e1900000)
  from space 15872K, 34% used [0x00000000e3380000,0x00000000e38ccc48,0x00000000e4300000)
  to   space 21504K, 0% used [0x00000000e1900000,0x00000000e1900000,0x00000000e2e00000)
 ParOldGen       total 96768K, used 36049K [0x0000000081400000, 0x0000000087280000, 0x00000000d5c00000)
  object space 96768K, 37% used [0x0000000081400000,0x0000000083734640,0x0000000087280000)
 Metaspace       used 29401K, capacity 29692K, committed 29824K, reserved 1075200K
  class space    used 3777K, capacity 3890K, committed 3968K, reserved 1048576K
}
Event: 17.622 GC heap before
{Heap before GC invocations=10 (full 1):
 PSYoungGen      total 209408K, used 198963K [0x00000000d5c00000, 0x00000000e4300000, 0x0000000100000000)
  eden space 193536K, 100% used [0x00000000d5c00000,0x00000000e1900000,0x00000000e1900000)
  from space 15872K, 34% used [0x00000000e3380000,0x00000000e38ccc48,0x00000000e4300000)
  to   space 21504K, 0% used [0x00000000e1900000,0x00000000e1900000,0x00000000e2e00000)
 ParOldGen       total 96768K, used 36049K [0x0000000081400000, 0x0000000087280000, 0x00000000d5c00000)
  object space 96768K, 37% used [0x0000000081400000,0x0000000083734640,0x0000000087280000)
 Metaspace       used 34079K, capacity 34473K, committed 34688K, reserved 1079296K
  class space    used 4357K, capacity 4446K, committed 4480K, reserved 1048576K
Event: 17.637 GC heap after
Heap after GC invocations=10 (full 1):
 PSYoungGen      total 215040K, used 9533K [0x00000000d5c00000, 0x00000000e4300000, 0x0000000100000000)
  eden space 193536K, 0% used [0x00000000d5c00000,0x00000000d5c00000,0x00000000e1900000)
  from space 21504K, 44% used [0x00000000e1900000,0x00000000e224f7d0,0x00000000e2e00000)
  to   space 15872K, 0% used [0x00000000e3380000,0x00000000e3380000,0x00000000e4300000)
 ParOldGen       total 96768K, used 36057K [0x0000000081400000, 0x0000000087280000, 0x00000000d5c00000)
  object space 96768K, 37% used [0x0000000081400000,0x0000000083736640,0x0000000087280000)
 Metaspace       used 34079K, capacity 34473K, committed 34688K, reserved 1079296K
  class space    used 4357K, capacity 4446K, committed 4480K, reserved 1048576K
}
Event: 18.598 GC heap before
{Heap before GC invocations=11 (full 1):
 PSYoungGen      total 215040K, used 97302K [0x00000000d5c00000, 0x00000000e4300000, 0x0000000100000000)
  eden space 193536K, 45% used [0x00000000d5c00000,0x00000000db1b6118,0x00000000e1900000)
  from space 21504K, 44% used [0x00000000e1900000,0x00000000e224f7d0,0x00000000e2e00000)
  to   space 15872K, 0% used [0x00000000e3380000,0x00000000e3380000,0x00000000e4300000)
 ParOldGen       total 96768K, used 36057K [0x0000000081400000, 0x0000000087280000, 0x00000000d5c00000)
  object space 96768K, 37% used [0x0000000081400000,0x0000000083736640,0x0000000087280000)
 Metaspace       used 35068K, capacity 35349K, committed 35496K, reserved 1081344K
  class space    used 4497K, capacity 4608K, committed 4608K, reserved 1048576K
Event: 18.613 GC heap after
Heap after GC invocations=11 (full 1):
 PSYoungGen      total 217088K, used 8429K [0x00000000d5c00000, 0x00000000e6d00000, 0x0000000100000000)
  eden space 201216K, 0% used [0x00000000d5c00000,0x00000000d5c00000,0x00000000e2080000)
  from space 15872K, 53% used [0x00000000e3380000,0x00000000e3bbb768,0x00000000e4300000)
  to   space 19456K, 0% used [0x00000000e2080000,0x00000000e2080000,0x00000000e3380000)
 ParOldGen       total 96768K, used 36065K [0x0000000081400000, 0x0000000087280000, 0x00000000d5c00000)
  object space 96768K, 37% used [0x0000000081400000,0x0000000083738640,0x0000000087280000)
 Metaspace       used 35068K, capacity 35349K, committed 35496K, reserved 1081344K
  class space    used 4497K, capacity 4608K, committed 4608K, reserved 1048576K
}
Event: 18.613 GC heap before
{Heap before GC invocations=12 (full 2):
 PSYoungGen      total 217088K, used 8429K [0x00000000d5c00000, 0x00000000e6d00000, 0x0000000100000000)
  eden space 201216K, 0% used [0x00000000d5c00000,0x00000000d5c00000,0x00000000e2080000)
  from space 15872K, 53% used [0x00000000e3380000,0x00000000e3bbb768,0x00000000e4300000)
  to   space 19456K, 0% used [0x00000000e2080000,0x00000000e2080000,0x00000000e3380000)
 ParOldGen       total 96768K, used 36065K [0x0000000081400000, 0x0000000087280000, 0x00000000d5c00000)
  object space 96768K, 37% used [0x0000000081400000,0x0000000083738640,0x0000000087280000)
 Metaspace       used 35068K, capacity 35349K, committed 35496K, reserved 1081344K
  class space    used 4497K, capacity 4608K, committed 4608K, reserved 1048576K
Event: 18.808 GC heap after
Heap after GC invocations=12 (full 2):
 PSYoungGen      total 217088K, used 0K [0x00000000d5c00000, 0x00000000e6d00000, 0x0000000100000000)
  eden space 201216K, 0% used [0x00000000d5c00000,0x00000000d5c00000,0x00000000e2080000)
  from space 15872K, 0% used [0x00000000e3380000,0x00000000e3380000,0x00000000e4300000)
  to   space 19456K, 0% used [0x00000000e2080000,0x00000000e2080000,0x00000000e3380000)
 ParOldGen       total 123904K, used 39562K [0x0000000081400000, 0x0000000088d00000, 0x00000000d5c00000)
  object space 123904K, 31% used [0x0000000081400000,0x0000000083aa2a98,0x0000000088d00000)
 Metaspace       used 35068K, capacity 35349K, committed 35496K, reserved 1081344K
  class space    used 4497K, capacity 4608K, committed 4608K, reserved 1048576K
}

