# JRE version: OpenJDK Runtime Environment (8.0_232-b09) (build 1.8.0_232-b09)
# Java VM: OpenJDK 64-Bit Server VM (25.232-b09 mixed mode windows-amd64 compressed oops)
Heap:
 PSYoungGen      total 310272K, used 78296K [0x00000000d5c00000, 0x00000000ed400000, 0x0000000100000000)
  eden space 290816K, 26% used [0x00000000d5c00000,0x00000000da876330,0x00000000e7800000)
  from space 19456K, 0% used [0x00000000e7800000,0x00000000e7800000,0x00000000e8b00000)
  to   space 20992K, 0% used [0x00000000ebf80000,0x00000000ebf80000,0x00000000ed400000)
 ParOldGen       total 121344K, used 53797K [0x0000000081400000, 0x0000000088a80000, 0x00000000d5c00000)
  object space 121344K, 44% used [0x0000000081400000,0x00000000848897a8,0x0000000088a80000)
 Metaspace       used 60330K, capacity 61017K, committed 61440K, reserved 1101824K
  class space    used 7935K, capacity 8168K, committed 8192K, reserved 1048576K
GC Heap History (10 events):
Event: 12.281 GC heap before
{Heap before GC invocations=12 (full 2):
 PSYoungGen      total 258048K, used 8182K [0x00000000d5c00000, 0x00000000e6e00000, 0x0000000100000000)
  eden space 241664K, 0% used [0x00000000d5c00000,0x00000000d5c00000,0x00000000e4800000)
  from space 16384K, 49% used [0x00000000e5e00000,0x00000000e65fda90,0x00000000e6e00000)
  to   space 19456K, 0% used [0x00000000e4800000,0x00000000e4800000,0x00000000e5b00000)
 ParOldGen       total 93184K, used 36081K [0x0000000081400000, 0x0000000086f00000, 0x00000000d5c00000)
  object space 93184K, 38% used [0x0000000081400000,0x000000008373c490,0x0000000086f00000)
 Metaspace       used 34994K, capacity 35311K, committed 35496K, reserved 1081344K
  class space    used 4475K, capacity 4575K, committed 4608K, reserved 1048576K
Event: 12.486 GC heap after
Heap after GC invocations=12 (full 2):
 PSYoungGen      total 258048K, used 0K [0x00000000d5c00000, 0x00000000e6e00000, 0x0000000100000000)
  eden space 241664K, 0% used [0x00000000d5c00000,0x00000000d5c00000,0x00000000e4800000)
  from space 16384K, 0% used [0x00000000e5e00000,0x00000000e5e00000,0x00000000e6e00000)
  to   space 19456K, 0% used [0x00000000e4800000,0x00000000e4800000,0x00000000e5b00000)
 ParOldGen       total 121344K, used 39359K [0x0000000081400000, 0x0000000088a80000, 0x00000000d5c00000)
  object space 121344K, 32% used [0x0000000081400000,0x0000000083a6fd20,0x0000000088a80000)
 Metaspace       used 34994K, capacity 35311K, committed 35496K, reserved 1081344K
  class space    used 4475K, capacity 4575K, committed 4608K, reserved 1048576K
}
Event: 14.771 GC heap before
{Heap before GC invocations=13 (full 2):
 PSYoungGen      total 258048K, used 241664K [0x00000000d5c00000, 0x00000000e6e00000, 0x0000000100000000)
  eden space 241664K, 100% used [0x00000000d5c00000,0x00000000e4800000,0x00000000e4800000)
  from space 16384K, 0% used [0x00000000e5e00000,0x00000000e5e00000,0x00000000e6e00000)
  to   space 19456K, 0% used [0x00000000e4800000,0x00000000e4800000,0x00000000e5b00000)
 ParOldGen       total 121344K, used 39359K [0x0000000081400000, 0x0000000088a80000, 0x00000000d5c00000)
  object space 121344K, 32% used [0x0000000081400000,0x0000000083a6fd20,0x0000000088a80000)
 Metaspace       used 43634K, capacity 44057K, committed 44288K, reserved 1087488K
  class space    used 5650K, capacity 5777K, committed 5888K, reserved 1048576K
Event: 14.782 GC heap after
Heap after GC invocations=13 (full 2):
 PSYoungGen      total 261120K, used 10331K [0x00000000d5c00000, 0x00000000ea300000, 0x0000000100000000)
  eden space 241664K, 0% used [0x00000000d5c00000,0x00000000d5c00000,0x00000000e4800000)
  from space 19456K, 53% used [0x00000000e4800000,0x00000000e5216d08,0x00000000e5b00000)
  to   space 18944K, 0% used [0x00000000e9080000,0x00000000e9080000,0x00000000ea300000)
 ParOldGen       total 121344K, used 39367K [0x0000000081400000, 0x0000000088a80000, 0x00000000d5c00000)
  object space 121344K, 32% used [0x0000000081400000,0x0000000083a71d20,0x0000000088a80000)
 Metaspace       used 43634K, capacity 44057K, committed 44288K, reserved 1087488K
  class space    used 5650K, capacity 5777K, committed 5888K, reserved 1048576K
}
Event: 73.823 GC heap before
{Heap before GC invocations=14 (full 2):
 PSYoungGen      total 261120K, used 251995K [0x00000000d5c00000, 0x00000000ea300000, 0x0000000100000000)
  eden space 241664K, 100% used [0x00000000d5c00000,0x00000000e4800000,0x00000000e4800000)
  from space 19456K, 53% used [0x00000000e4800000,0x00000000e5216d08,0x00000000e5b00000)
  to   space 18944K, 0% used [0x00000000e9080000,0x00000000e9080000,0x00000000ea300000)
 ParOldGen       total 121344K, used 39367K [0x0000000081400000, 0x0000000088a80000, 0x00000000d5c00000)
  object space 121344K, 32% used [0x0000000081400000,0x0000000083a71d20,0x0000000088a80000)
 Metaspace       used 52289K, capacity 52947K, committed 53248K, reserved 1095680K
  class space    used 6911K, capacity 7143K, committed 7168K, reserved 1048576K
Event: 73.843 GC heap after
Heap after GC invocations=14 (full 2):
 PSYoungGen      total 301568K, used 13432K [0x00000000d5c00000, 0x00000000e9e00000, 0x0000000100000000)
  eden space 287744K, 0% used [0x00000000d5c00000,0x00000000d5c00000,0x00000000e7500000)
  from space 13824K, 97% used [0x00000000e9080000,0x00000000e9d9e2d8,0x00000000e9e00000)
  to   space 19456K, 0% used [0x00000000e7800000,0x00000000e7800000,0x00000000e8b00000)
 ParOldGen       total 121344K, used 39375K [0x0000000081400000, 0x0000000088a80000, 0x00000000d5c00000)
  object space 121344K, 32% used [0x0000000081400000,0x0000000083a73d20,0x0000000088a80000)
 Metaspace       used 52289K, capacity 52947K, committed 53248K, reserved 1095680K
  class space    used 6911K, capacity 7143K, committed 7168K, reserved 1048576K
}
Event: 75.344 GC heap before
{Heap before GC invocations=15 (full 2):
 PSYoungGen      total 301568K, used 250406K [0x00000000d5c00000, 0x00000000e9e00000, 0x0000000100000000)
  eden space 287744K, 82% used [0x00000000d5c00000,0x00000000e436b558,0x00000000e7500000)
  from space 13824K, 97% used [0x00000000e9080000,0x00000000e9d9e2d8,0x00000000e9e00000)
  to   space 19456K, 0% used [0x00000000e7800000,0x00000000e7800000,0x00000000e8b00000)
 ParOldGen       total 121344K, used 39375K [0x0000000081400000, 0x0000000088a80000, 0x00000000d5c00000)
  object space 121344K, 32% used [0x0000000081400000,0x0000000083a73d20,0x0000000088a80000)
 Metaspace       used 58247K, capacity 58867K, committed 59136K, reserved 1099776K
  class space    used 7670K, capacity 7879K, committed 7936K, reserved 1048576K
Event: 75.370 GC heap after
Heap after GC invocations=15 (full 2):
 PSYoungGen      total 310272K, used 16758K [0x00000000d5c00000, 0x00000000ed400000, 0x0000000100000000)
  eden space 290816K, 0% used [0x00000000d5c00000,0x00000000d5c00000,0x00000000e7800000)
  from space 19456K, 86% used [0x00000000e7800000,0x00000000e885daa0,0x00000000e8b00000)
  to   space 20992K, 0% used [0x00000000ebf80000,0x00000000ebf80000,0x00000000ed400000)
 ParOldGen       total 121344K, used 39383K [0x0000000081400000, 0x0000000088a80000, 0x00000000d5c00000)
  object space 121344K, 32% used [0x0000000081400000,0x0000000083a75d20,0x0000000088a80000)
 Metaspace       used 58247K, capacity 58867K, committed 59136K, reserved 1099776K
  class space    used 7670K, capacity 7879K, committed 7936K, reserved 1048576K
}
Event: 75.370 GC heap before
{Heap before GC invocations=16 (full 3):
 PSYoungGen      total 310272K, used 16758K [0x00000000d5c00000, 0x00000000ed400000, 0x0000000100000000)
  eden space 290816K, 0% used [0x00000000d5c00000,0x00000000d5c00000,0x00000000e7800000)
  from space 19456K, 86% used [0x00000000e7800000,0x00000000e885daa0,0x00000000e8b00000)
  to   space 20992K, 0% used [0x00000000ebf80000,0x00000000ebf80000,0x00000000ed400000)
 ParOldGen       total 121344K, used 39383K [0x0000000081400000, 0x0000000088a80000, 0x00000000d5c00000)
  object space 121344K, 32% used [0x0000000081400000,0x0000000083a75d20,0x0000000088a80000)
 Metaspace       used 58247K, capacity 58867K, committed 59136K, reserved 1099776K
  class space    used 7670K, capacity 7879K, committed 7936K, reserved 1048576K
Event: 75.755 GC heap after
Heap after GC invocations=16 (full 3):
 PSYoungGen      total 310272K, used 0K [0x00000000d5c00000, 0x00000000ed400000, 0x0000000100000000)
  eden space 290816K, 0% used [0x00000000d5c00000,0x00000000d5c00000,0x00000000e7800000)
  from space 19456K, 0% used [0x00000000e7800000,0x00000000e7800000,0x00000000e8b00000)
  to   space 20992K, 0% used [0x00000000ebf80000,0x00000000ebf80000,0x00000000ed400000)
 ParOldGen       total 121344K, used 53797K [0x0000000081400000, 0x0000000088a80000, 0x00000000d5c00000)
  object space 121344K, 44% used [0x0000000081400000,0x00000000848897a8,0x0000000088a80000)
 Metaspace       used 58247K, capacity 58867K, committed 59136K, reserved 1099776K
  class space    used 7670K, capacity 7879K, committed 7936K, reserved 1048576K
}

