# JRE version: OpenJDK Runtime Environment (8.0_232-b09) (build 1.8.0_232-b09)
# Java VM: OpenJDK 64-Bit Server VM (25.232-b09 mixed mode windows-amd64 compressed oops)
Heap:
 PSYoungGen      total 343040K, used 113927K [0x00000000d5c00000, 0x00000000f0100000, 0x0000000100000000)
  eden space 323584K, 35% used [0x00000000d5c00000,0x00000000dcb41f08,0x00000000e9800000)
  from space 19456K, 0% used [0x00000000e9800000,0x00000000e9800000,0x00000000eab00000)
  to   space 20480K, 0% used [0x00000000eed00000,0x00000000eed00000,0x00000000f0100000)
 ParOldGen       total 153088K, used 52785K [0x0000000081400000, 0x000000008a980000, 0x00000000d5c00000)
  object space 153088K, 34% used [0x0000000081400000,0x000000008478c4a8,0x000000008a980000)
 Metaspace       used 61321K, capacity 61887K, committed 62336K, reserved 1103872K
  class space    used 8078K, capacity 8255K, committed 8320K, reserved 1048576K
GC Heap History (10 events):
Event: 12.684 GC heap before
{Heap before GC invocations=12 (full 2):
 PSYoungGen      total 272896K, used 7342K [0x00000000d5c00000, 0x00000000e7d80000, 0x0000000100000000)
  eden space 257536K, 0% used [0x00000000d5c00000,0x00000000d5c00000,0x00000000e5780000)
  from space 15360K, 47% used [0x00000000e6e80000,0x00000000e75abbb0,0x00000000e7d80000)
  to   space 19456K, 0% used [0x00000000e5780000,0x00000000e5780000,0x00000000e6a80000)
 ParOldGen       total 93184K, used 35133K [0x0000000081400000, 0x0000000086f00000, 0x00000000d5c00000)
  object space 93184K, 37% used [0x0000000081400000,0x000000008364f4c8,0x0000000086f00000)
 Metaspace       used 35071K, capacity 35349K, committed 35496K, reserved 1081344K
  class space    used 4498K, capacity 4608K, committed 4608K, reserved 1048576K
Event: 12.788 GC heap after
Heap after GC invocations=12 (full 2):
 PSYoungGen      total 272896K, used 0K [0x00000000d5c00000, 0x00000000e7d80000, 0x0000000100000000)
  eden space 257536K, 0% used [0x00000000d5c00000,0x00000000d5c00000,0x00000000e5780000)
  from space 15360K, 0% used [0x00000000e6e80000,0x00000000e6e80000,0x00000000e7d80000)
  to   space 19456K, 0% used [0x00000000e5780000,0x00000000e5780000,0x00000000e6a80000)
 ParOldGen       total 117760K, used 39765K [0x0000000081400000, 0x0000000088700000, 0x00000000d5c00000)
  object space 117760K, 33% used [0x0000000081400000,0x0000000083ad55c8,0x0000000088700000)
 Metaspace       used 35071K, capacity 35349K, committed 35496K, reserved 1081344K
  class space    used 4498K, capacity 4608K, committed 4608K, reserved 1048576K
}
Event: 15.567 GC heap before
{Heap before GC invocations=13 (full 2):
 PSYoungGen      total 272896K, used 257536K [0x00000000d5c00000, 0x00000000e7d80000, 0x0000000100000000)
  eden space 257536K, 100% used [0x00000000d5c00000,0x00000000e5780000,0x00000000e5780000)
  from space 15360K, 0% used [0x00000000e6e80000,0x00000000e6e80000,0x00000000e7d80000)
  to   space 19456K, 0% used [0x00000000e5780000,0x00000000e5780000,0x00000000e6a80000)
 ParOldGen       total 117760K, used 39765K [0x0000000081400000, 0x0000000088700000, 0x00000000d5c00000)
  object space 117760K, 33% used [0x0000000081400000,0x0000000083ad55c8,0x0000000088700000)
 Metaspace       used 43898K, capacity 44269K, committed 44544K, reserved 1087488K
  class space    used 5696K, capacity 5808K, committed 5888K, reserved 1048576K
Event: 15.578 GC heap after
Heap after GC invocations=13 (full 2):
 PSYoungGen      total 276992K, used 10213K [0x00000000d5c00000, 0x00000000ec280000, 0x0000000100000000)
  eden space 257536K, 0% used [0x00000000d5c00000,0x00000000d5c00000,0x00000000e5780000)
  from space 19456K, 52% used [0x00000000e5780000,0x00000000e6179558,0x00000000e6a80000)
  to   space 18432K, 0% used [0x00000000eb080000,0x00000000eb080000,0x00000000ec280000)
 ParOldGen       total 117760K, used 39773K [0x0000000081400000, 0x0000000088700000, 0x00000000d5c00000)
  object space 117760K, 33% used [0x0000000081400000,0x0000000083ad75c8,0x0000000088700000)
 Metaspace       used 43898K, capacity 44269K, committed 44544K, reserved 1087488K
  class space    used 5696K, capacity 5808K, committed 5888K, reserved 1048576K
}
Event: 57.046 GC heap before
{Heap before GC invocations=14 (full 2):
 PSYoungGen      total 276992K, used 267749K [0x00000000d5c00000, 0x00000000ec280000, 0x0000000100000000)
  eden space 257536K, 100% used [0x00000000d5c00000,0x00000000e5780000,0x00000000e5780000)
  from space 19456K, 52% used [0x00000000e5780000,0x00000000e6179558,0x00000000e6a80000)
  to   space 18432K, 0% used [0x00000000eb080000,0x00000000eb080000,0x00000000ec280000)
 ParOldGen       total 117760K, used 39773K [0x0000000081400000, 0x0000000088700000, 0x00000000d5c00000)
  object space 117760K, 33% used [0x0000000081400000,0x0000000083ad75c8,0x0000000088700000)
 Metaspace       used 52504K, capacity 53145K, committed 53504K, reserved 1095680K
  class space    used 6923K, capacity 7134K, committed 7168K, reserved 1048576K
Event: 57.064 GC heap after
Heap after GC invocations=14 (full 2):
 PSYoungGen      total 333312K, used 13809K [0x00000000d5c00000, 0x00000000ebe00000, 0x0000000100000000)
  eden space 319488K, 0% used [0x00000000d5c00000,0x00000000d5c00000,0x00000000e9400000)
  from space 13824K, 99% used [0x00000000eb080000,0x00000000ebdfc730,0x00000000ebe00000)
  to   space 19456K, 0% used [0x00000000e9800000,0x00000000e9800000,0x00000000eab00000)
 ParOldGen       total 117760K, used 39781K [0x0000000081400000, 0x0000000088700000, 0x00000000d5c00000)
  object space 117760K, 33% used [0x0000000081400000,0x0000000083ad95c8,0x0000000088700000)
 Metaspace       used 52504K, capacity 53145K, committed 53504K, reserved 1095680K
  class space    used 6923K, capacity 7134K, committed 7168K, reserved 1048576K
}
Event: 59.276 GC heap before
{Heap before GC invocations=15 (full 2):
 PSYoungGen      total 333312K, used 250795K [0x00000000d5c00000, 0x00000000ebe00000, 0x0000000100000000)
  eden space 319488K, 74% used [0x00000000d5c00000,0x00000000e436e780,0x00000000e9400000)
  from space 13824K, 99% used [0x00000000eb080000,0x00000000ebdfc730,0x00000000ebe00000)
  to   space 19456K, 0% used [0x00000000e9800000,0x00000000e9800000,0x00000000eab00000)
 ParOldGen       total 117760K, used 39781K [0x0000000081400000, 0x0000000088700000, 0x00000000d5c00000)
  object space 117760K, 33% used [0x0000000081400000,0x0000000083ad95c8,0x0000000088700000)
 Metaspace       used 58298K, capacity 58905K, committed 59136K, reserved 1099776K
  class space    used 7713K, capacity 7902K, committed 7936K, reserved 1048576K
Event: 59.293 GC heap after
Heap after GC invocations=15 (full 2):
 PSYoungGen      total 343040K, used 15118K [0x00000000d5c00000, 0x00000000f0100000, 0x0000000100000000)
  eden space 323584K, 0% used [0x00000000d5c00000,0x00000000d5c00000,0x00000000e9800000)
  from space 19456K, 77% used [0x00000000e9800000,0x00000000ea6c3b78,0x00000000eab00000)
  to   space 20480K, 0% used [0x00000000eed00000,0x00000000eed00000,0x00000000f0100000)
 ParOldGen       total 117760K, used 39781K [0x0000000081400000, 0x0000000088700000, 0x00000000d5c00000)
  object space 117760K, 33% used [0x0000000081400000,0x0000000083ad95c8,0x0000000088700000)
 Metaspace       used 58298K, capacity 58905K, committed 59136K, reserved 1099776K
  class space    used 7713K, capacity 7902K, committed 7936K, reserved 1048576K
}
Event: 59.293 GC heap before
{Heap before GC invocations=16 (full 3):
 PSYoungGen      total 343040K, used 15118K [0x00000000d5c00000, 0x00000000f0100000, 0x0000000100000000)
  eden space 323584K, 0% used [0x00000000d5c00000,0x00000000d5c00000,0x00000000e9800000)
  from space 19456K, 77% used [0x00000000e9800000,0x00000000ea6c3b78,0x00000000eab00000)
  to   space 20480K, 0% used [0x00000000eed00000,0x00000000eed00000,0x00000000f0100000)
 ParOldGen       total 117760K, used 39781K [0x0000000081400000, 0x0000000088700000, 0x00000000d5c00000)
  object space 117760K, 33% used [0x0000000081400000,0x0000000083ad95c8,0x0000000088700000)
 Metaspace       used 58298K, capacity 58905K, committed 59136K, reserved 1099776K
  class space    used 7713K, capacity 7902K, committed 7936K, reserved 1048576K
Event: 59.685 GC heap after
Heap after GC invocations=16 (full 3):
 PSYoungGen      total 343040K, used 0K [0x00000000d5c00000, 0x00000000f0100000, 0x0000000100000000)
  eden space 323584K, 0% used [0x00000000d5c00000,0x00000000d5c00000,0x00000000e9800000)
  from space 19456K, 0% used [0x00000000e9800000,0x00000000e9800000,0x00000000eab00000)
  to   space 20480K, 0% used [0x00000000eed00000,0x00000000eed00000,0x00000000f0100000)
 ParOldGen       total 153088K, used 52785K [0x0000000081400000, 0x000000008a980000, 0x00000000d5c00000)
  object space 153088K, 34% used [0x0000000081400000,0x000000008478c4a8,0x000000008a980000)
 Metaspace       used 58298K, capacity 58905K, committed 59136K, reserved 1099776K
  class space    used 7713K, capacity 7902K, committed 7936K, reserved 1048576K
}

